19:07:39 INFO  : Launching XSCT server: xsct.bat -n  -interactive E:\Projects\SchoolGit\ECEStuff\ECE4305L\PONG\Software\temp_xsdb_launch_script.tcl
19:07:41 INFO  : XSCT server has started successfully.
19:07:41 INFO  : Successfully done setting XSCT server connection channel  
19:07:41 INFO  : Registering command handlers for Vitis TCF services
19:07:43 INFO  : plnx-install-location is set to ''
19:07:43 INFO  : Successfully done setting workspace for the tool. 
19:07:43 INFO  : Successfully done query RDI_DATADIR 
19:34:15 INFO  : Checking for BSP changes to sync application flags for project 'Pong'...
19:34:47 INFO  : Checking for BSP changes to sync application flags for project 'Pong'...
19:35:43 INFO  : Checking for BSP changes to sync application flags for project 'Pong'...
19:35:52 INFO  : Checking for BSP changes to sync application flags for project 'Pong'...
19:36:02 INFO  : Checking for BSP changes to sync application flags for project 'Pong'...
00:37:41 INFO  : Checking for BSP changes to sync application flags for project 'Pong'...
00:38:52 INFO  : Checking for BSP changes to sync application flags for project 'Pong'...
00:39:24 INFO  : Checking for BSP changes to sync application flags for project 'Pong'...
00:40:08 INFO  : Checking for BSP changes to sync application flags for project 'Pong'...
00:40:18 INFO  : Checking for BSP changes to sync application flags for project 'Pong'...
00:40:40 INFO  : Checking for BSP changes to sync application flags for project 'Pong'...
00:43:16 INFO  : Checking for BSP changes to sync application flags for project 'Pong'...
00:43:28 INFO  : Checking for BSP changes to sync application flags for project 'Pong'...
00:43:49 INFO  : Checking for BSP changes to sync application flags for project 'Pong'...
00:45:48 INFO  : Checking for BSP changes to sync application flags for project 'Pong'...
00:46:11 INFO  : Checking for BSP changes to sync application flags for project 'Pong'...
00:47:15 INFO  : Checking for BSP changes to sync application flags for project 'Pong'...
00:47:28 INFO  : Checking for BSP changes to sync application flags for project 'Pong'...
00:47:36 INFO  : Checking for BSP changes to sync application flags for project 'Pong'...
00:49:15 INFO  : Checking for BSP changes to sync application flags for project 'Pong'...
00:49:27 INFO  : Checking for BSP changes to sync application flags for project 'Pong'...
00:51:42 INFO  : Checking for BSP changes to sync application flags for project 'Pong'...
00:59:06 INFO  : Checking for BSP changes to sync application flags for project 'Pong'...
01:00:52 INFO  : Checking for BSP changes to sync application flags for project 'Pong'...
01:00:58 INFO  : Checking for BSP changes to sync application flags for project 'Pong'...
01:02:44 INFO  : Checking for BSP changes to sync application flags for project 'Pong'...
01:03:14 INFO  : Checking for BSP changes to sync application flags for project 'Pong'...
01:03:57 INFO  : Hardware specification for platform project 'mcs_top_complete' is updated.
11:58:17 INFO  : Launching XSCT server: xsct.bat -n  -interactive E:\Projects\SchoolGit\ECEStuff\ECE4305L\PONG\Software\temp_xsdb_launch_script.tcl
11:58:21 INFO  : XSCT server has started successfully.
11:58:21 INFO  : plnx-install-location is set to ''
11:58:21 INFO  : Successfully done setting XSCT server connection channel  
11:58:21 INFO  : Successfully done setting workspace for the tool. 
11:58:22 INFO  : Registering command handlers for Vitis TCF services
11:58:25 INFO  : Successfully done query RDI_DATADIR 
13:55:49 INFO  : Checking for BSP changes to sync application flags for project 'Pong'...
13:56:00 INFO  : Checking for BSP changes to sync application flags for project 'Pong'...
13:56:49 INFO  : Checking for BSP changes to sync application flags for project 'Pong'...
13:58:00 INFO  : Checking for BSP changes to sync application flags for project 'Pong'...
13:58:17 INFO  : Checking for BSP changes to sync application flags for project 'Pong'...
13:58:57 INFO  : Checking for BSP changes to sync application flags for project 'Pong'...
13:59:11 INFO  : Checking for BSP changes to sync application flags for project 'Pong'...
13:59:20 INFO  : Checking for BSP changes to sync application flags for project 'Pong'...
14:01:50 INFO  : Checking for BSP changes to sync application flags for project 'Pong'...
15:34:13 INFO  : Checking for BSP changes to sync application flags for project 'Pong'...
15:34:20 INFO  : Checking for BSP changes to sync application flags for project 'Pong'...
15:35:28 INFO  : Checking for BSP changes to sync application flags for project 'Pong'...
15:36:19 INFO  : Checking for BSP changes to sync application flags for project 'Pong'...
15:36:29 INFO  : Checking for BSP changes to sync application flags for project 'Pong'...
15:37:01 INFO  : Checking for BSP changes to sync application flags for project 'Pong'...
15:39:22 INFO  : Checking for BSP changes to sync application flags for project 'Pong'...
15:39:35 INFO  : Checking for BSP changes to sync application flags for project 'Pong'...
15:42:39 INFO  : Checking for BSP changes to sync application flags for project 'Pong'...
15:42:50 INFO  : Checking for BSP changes to sync application flags for project 'Pong'...
15:43:34 INFO  : Checking for BSP changes to sync application flags for project 'Pong'...
15:43:42 INFO  : Checking for BSP changes to sync application flags for project 'Pong'...
15:44:45 INFO  : Checking for BSP changes to sync application flags for project 'Pong'...
15:45:02 INFO  : Checking for BSP changes to sync application flags for project 'Pong'...
15:45:40 INFO  : Checking for BSP changes to sync application flags for project 'Pong'...
15:45:56 INFO  : Checking for BSP changes to sync application flags for project 'Pong'...
15:47:27 INFO  : Checking for BSP changes to sync application flags for project 'Pong'...
15:47:36 INFO  : Checking for BSP changes to sync application flags for project 'Pong'...
16:54:20 INFO  : Checking for BSP changes to sync application flags for project 'Pong'...
16:55:05 INFO  : Checking for BSP changes to sync application flags for project 'Pong'...
16:55:35 INFO  : Checking for BSP changes to sync application flags for project 'Pong'...
16:56:15 INFO  : Checking for BSP changes to sync application flags for project 'Pong'...
16:56:32 INFO  : Checking for BSP changes to sync application flags for project 'Pong'...
16:56:35 INFO  : Checking for BSP changes to sync application flags for project 'Pong'...
16:57:34 INFO  : Bit file 'E:/Projects/SchoolGit/ECEStuff/ECE4305L/PONG/Software/Pong/_ide/bitstream/download.bit' is generated.
16:57:37 INFO  : Connected to target on host '127.0.0.1' and port '3121'.
16:57:37 INFO  : 'targets -set -filter {jtag_cable_name =~ "Digilent Nexys A7 -100T 210292B0F20AA" && level==0} -index 0' command is executed.
16:57:37 ERROR : couldn't open "E:/Projects/SchoolGit/ECEStuff/ECE4305L/PONG/Software/Pong/_ide/bitstream/download.bit": no such file or directory
16:58:08 INFO  : Checking for BSP changes to sync application flags for project 'Pong'...
16:58:21 INFO  : Bit file 'E:/Projects/SchoolGit/ECEStuff/ECE4305L/PONG/Software/Pong/_ide/bitstream/download.bit' is generated.
16:58:21 INFO  : Connected to target on host '127.0.0.1' and port '3121'.
16:58:22 INFO  : 'targets -set -filter {jtag_cable_name =~ "Digilent Nexys A7 -100T 210292B0F20AA" && level==0} -index 0' command is executed.
16:58:23 INFO  : FPGA configured successfully with bitstream "E:/Projects/SchoolGit/ECEStuff/ECE4305L/PONG/Software/Pong/_ide/bitstream/download.bit"
17:00:56 INFO  : Checking for BSP changes to sync application flags for project 'Pong'...
17:01:03 INFO  : Checking for BSP changes to sync application flags for project 'Pong'...
17:01:19 INFO  : Bit file 'E:/Projects/SchoolGit/ECEStuff/ECE4305L/PONG/Software/Pong/_ide/bitstream/download.bit' is generated.
17:01:19 INFO  : Connected to target on host '127.0.0.1' and port '3121'.
17:01:20 INFO  : 'targets -set -filter {jtag_cable_name =~ "Digilent Nexys A7 -100T 210292B0F20AA" && level==0} -index 0' command is executed.
17:01:21 INFO  : FPGA configured successfully with bitstream "E:/Projects/SchoolGit/ECEStuff/ECE4305L/PONG/Software/Pong/_ide/bitstream/download.bit"
17:03:08 INFO  : Checking for BSP changes to sync application flags for project 'Pong'...
17:03:25 INFO  : Bit file 'E:/Projects/SchoolGit/ECEStuff/ECE4305L/PONG/Software/Pong/_ide/bitstream/download.bit' is generated.
17:03:25 INFO  : Connected to target on host '127.0.0.1' and port '3121'.
17:03:25 INFO  : 'targets -set -filter {jtag_cable_name =~ "Digilent Nexys A7 -100T 210292B0F20AA" && level==0} -index 0' command is executed.
17:03:26 INFO  : FPGA configured successfully with bitstream "E:/Projects/SchoolGit/ECEStuff/ECE4305L/PONG/Software/Pong/_ide/bitstream/download.bit"
17:05:34 INFO  : Checking for BSP changes to sync application flags for project 'Pong'...
17:05:40 INFO  : Checking for BSP changes to sync application flags for project 'Pong'...
17:05:55 INFO  : Bit file 'E:/Projects/SchoolGit/ECEStuff/ECE4305L/PONG/Software/Pong/_ide/bitstream/download.bit' is generated.
17:05:55 INFO  : Connected to target on host '127.0.0.1' and port '3121'.
17:05:55 INFO  : 'targets -set -filter {jtag_cable_name =~ "Digilent Nexys A7 -100T 210292B0F20AA" && level==0} -index 0' command is executed.
17:05:56 INFO  : FPGA configured successfully with bitstream "E:/Projects/SchoolGit/ECEStuff/ECE4305L/PONG/Software/Pong/_ide/bitstream/download.bit"
17:06:14 INFO  : Checking for BSP changes to sync application flags for project 'Pong'...
17:06:45 INFO  : Bit file 'E:/Projects/SchoolGit/ECEStuff/ECE4305L/PONG/Software/Pong/_ide/bitstream/download.bit' is generated.
17:06:45 INFO  : Connected to target on host '127.0.0.1' and port '3121'.
17:06:45 INFO  : 'targets -set -filter {jtag_cable_name =~ "Digilent Nexys A7 -100T 210292B0F20AA" && level==0} -index 0' command is executed.
17:06:46 INFO  : FPGA configured successfully with bitstream "E:/Projects/SchoolGit/ECEStuff/ECE4305L/PONG/Software/Pong/_ide/bitstream/download.bit"
17:07:33 INFO  : Checking for BSP changes to sync application flags for project 'Pong'...
17:07:49 INFO  : Bit file 'E:/Projects/SchoolGit/ECEStuff/ECE4305L/PONG/Software/Pong/_ide/bitstream/download.bit' is generated.
17:07:49 INFO  : Connected to target on host '127.0.0.1' and port '3121'.
17:07:49 INFO  : 'targets -set -filter {jtag_cable_name =~ "Digilent Nexys A7 -100T 210292B0F20AA" && level==0} -index 0' command is executed.
17:07:50 INFO  : FPGA configured successfully with bitstream "E:/Projects/SchoolGit/ECEStuff/ECE4305L/PONG/Software/Pong/_ide/bitstream/download.bit"
17:10:22 INFO  : Checking for BSP changes to sync application flags for project 'Pong'...
17:10:29 INFO  : Checking for BSP changes to sync application flags for project 'Pong'...
17:10:46 INFO  : Bit file 'E:/Projects/SchoolGit/ECEStuff/ECE4305L/PONG/Software/Pong/_ide/bitstream/download.bit' is generated.
17:10:46 INFO  : Connected to target on host '127.0.0.1' and port '3121'.
17:10:46 INFO  : 'targets -set -filter {jtag_cable_name =~ "Digilent Nexys A7 -100T 210292B0F20AA" && level==0} -index 0' command is executed.
17:10:47 INFO  : FPGA configured successfully with bitstream "E:/Projects/SchoolGit/ECEStuff/ECE4305L/PONG/Software/Pong/_ide/bitstream/download.bit"
17:12:58 INFO  : Checking for BSP changes to sync application flags for project 'Pong'...
17:13:14 INFO  : Bit file 'E:/Projects/SchoolGit/ECEStuff/ECE4305L/PONG/Software/Pong/_ide/bitstream/download.bit' is generated.
17:13:14 INFO  : Connected to target on host '127.0.0.1' and port '3121'.
17:13:14 INFO  : 'targets -set -filter {jtag_cable_name =~ "Digilent Nexys A7 -100T 210292B0F20AA" && level==0} -index 0' command is executed.
17:13:15 INFO  : FPGA configured successfully with bitstream "E:/Projects/SchoolGit/ECEStuff/ECE4305L/PONG/Software/Pong/_ide/bitstream/download.bit"
17:16:40 INFO  : Bit file 'E:/Projects/SchoolGit/ECEStuff/ECE4305L/PONG/Software/Pong/_ide/bitstream/download.bit' is generated.
17:16:40 INFO  : Connected to target on host '127.0.0.1' and port '3121'.
17:16:40 INFO  : 'targets -set -filter {jtag_cable_name =~ "Digilent Nexys A7 -100T 210292B0F20AA" && level==0} -index 0' command is executed.
17:16:41 INFO  : FPGA configured successfully with bitstream "E:/Projects/SchoolGit/ECEStuff/ECE4305L/PONG/Software/Pong/_ide/bitstream/download.bit"
17:17:59 INFO  : Checking for BSP changes to sync application flags for project 'Pong'...
17:18:15 INFO  : Bit file 'E:/Projects/SchoolGit/ECEStuff/ECE4305L/PONG/Software/Pong/_ide/bitstream/download.bit' is generated.
17:18:15 INFO  : Connected to target on host '127.0.0.1' and port '3121'.
17:18:15 INFO  : 'targets -set -filter {jtag_cable_name =~ "Digilent Nexys A7 -100T 210292B0F20AA" && level==0} -index 0' command is executed.
17:18:16 INFO  : FPGA configured successfully with bitstream "E:/Projects/SchoolGit/ECEStuff/ECE4305L/PONG/Software/Pong/_ide/bitstream/download.bit"
17:38:42 INFO  : Checking for BSP changes to sync application flags for project 'Pong'...
17:38:58 INFO  : Bit file 'E:/Projects/SchoolGit/ECEStuff/ECE4305L/PONG/Software/Pong/_ide/bitstream/download.bit' is generated.
17:38:58 INFO  : Connected to target on host '127.0.0.1' and port '3121'.
17:38:58 INFO  : 'targets -set -filter {jtag_cable_name =~ "Digilent Nexys A7 -100T 210292B0F20AA" && level==0} -index 0' command is executed.
17:39:00 INFO  : FPGA configured successfully with bitstream "E:/Projects/SchoolGit/ECEStuff/ECE4305L/PONG/Software/Pong/_ide/bitstream/download.bit"
17:42:07 INFO  : Checking for BSP changes to sync application flags for project 'Pong'...
17:42:24 INFO  : Bit file 'E:/Projects/SchoolGit/ECEStuff/ECE4305L/PONG/Software/Pong/_ide/bitstream/download.bit' is generated.
17:42:24 INFO  : Connected to target on host '127.0.0.1' and port '3121'.
17:42:24 INFO  : 'targets -set -filter {jtag_cable_name =~ "Digilent Nexys A7 -100T 210292B0F20AA" && level==0} -index 0' command is executed.
17:42:25 INFO  : FPGA configured successfully with bitstream "E:/Projects/SchoolGit/ECEStuff/ECE4305L/PONG/Software/Pong/_ide/bitstream/download.bit"
21:04:56 INFO  : Checking for BSP changes to sync application flags for project 'Pong'...
21:05:17 INFO  : Bit file 'E:/Projects/SchoolGit/ECEStuff/ECE4305L/PONG/Software/Pong/_ide/bitstream/download.bit' is generated.
21:05:36 INFO  : Bit file 'E:/Projects/SchoolGit/ECEStuff/ECE4305L/PONG/Software/Pong/_ide/bitstream/download.bit' is generated.
21:05:36 INFO  : Connected to target on host '127.0.0.1' and port '3121'.
21:05:36 INFO  : 'targets -set -filter {jtag_cable_name =~ "Digilent Nexys A7 -100T 210292B0F20AA" && level==0} -index 0' command is executed.
21:05:37 INFO  : FPGA configured successfully with bitstream "E:/Projects/SchoolGit/ECEStuff/ECE4305L/PONG/Software/Pong/_ide/bitstream/download.bit"
21:07:14 INFO  : Bit file 'E:/Projects/SchoolGit/ECEStuff/ECE4305L/PONG/Software/Pong/_ide/bitstream/download.bit' is generated.
21:07:14 INFO  : Connected to target on host '127.0.0.1' and port '3121'.
21:07:14 INFO  : 'targets -set -filter {jtag_cable_name =~ "Digilent Nexys A7 -100T 210292B0F20AA" && level==0} -index 0' command is executed.
21:07:15 INFO  : FPGA configured successfully with bitstream "E:/Projects/SchoolGit/ECEStuff/ECE4305L/PONG/Software/Pong/_ide/bitstream/download.bit"
21:17:58 INFO  : Checking for BSP changes to sync application flags for project 'Pong'...
21:18:10 INFO  : Checking for BSP changes to sync application flags for project 'Pong'...
21:18:30 INFO  : Bit file 'E:/Projects/SchoolGit/ECEStuff/ECE4305L/PONG/Software/Pong/_ide/bitstream/download.bit' is generated.
21:18:30 INFO  : Connected to target on host '127.0.0.1' and port '3121'.
21:18:30 INFO  : 'targets -set -filter {jtag_cable_name =~ "Digilent Nexys A7 -100T 210292B0F20AA" && level==0} -index 0' command is executed.
21:18:32 INFO  : FPGA configured successfully with bitstream "E:/Projects/SchoolGit/ECEStuff/ECE4305L/PONG/Software/Pong/_ide/bitstream/download.bit"
21:24:30 INFO  : Checking for BSP changes to sync application flags for project 'Pong'...
21:24:46 INFO  : Bit file 'E:/Projects/SchoolGit/ECEStuff/ECE4305L/PONG/Software/Pong/_ide/bitstream/download.bit' is generated.
21:24:46 INFO  : Connected to target on host '127.0.0.1' and port '3121'.
21:24:46 INFO  : 'targets -set -filter {jtag_cable_name =~ "Digilent Nexys A7 -100T 210292B0F20AA" && level==0} -index 0' command is executed.
21:24:47 INFO  : FPGA configured successfully with bitstream "E:/Projects/SchoolGit/ECEStuff/ECE4305L/PONG/Software/Pong/_ide/bitstream/download.bit"
21:31:52 INFO  : Bit file 'E:/Projects/SchoolGit/ECEStuff/ECE4305L/PONG/Software/Pong/_ide/bitstream/download.bit' is generated.
21:31:55 INFO  : Checking for BSP changes to sync application flags for project 'Pong'...
21:32:11 INFO  : Bit file 'E:/Projects/SchoolGit/ECEStuff/ECE4305L/PONG/Software/Pong/_ide/bitstream/download.bit' is generated.
21:32:11 INFO  : Connected to target on host '127.0.0.1' and port '3121'.
21:32:11 INFO  : 'targets -set -filter {jtag_cable_name =~ "Digilent Nexys A7 -100T 210292B0F20AA" && level==0} -index 0' command is executed.
21:32:12 INFO  : FPGA configured successfully with bitstream "E:/Projects/SchoolGit/ECEStuff/ECE4305L/PONG/Software/Pong/_ide/bitstream/download.bit"
21:42:06 INFO  : Checking for BSP changes to sync application flags for project 'Pong'...
21:42:23 INFO  : Bit file 'E:/Projects/SchoolGit/ECEStuff/ECE4305L/PONG/Software/Pong/_ide/bitstream/download.bit' is generated.
21:42:23 INFO  : Connected to target on host '127.0.0.1' and port '3121'.
21:42:23 INFO  : 'targets -set -filter {jtag_cable_name =~ "Digilent Nexys A7 -100T 210292B0F20AA" && level==0} -index 0' command is executed.
21:42:24 INFO  : FPGA configured successfully with bitstream "E:/Projects/SchoolGit/ECEStuff/ECE4305L/PONG/Software/Pong/_ide/bitstream/download.bit"
22:06:02 INFO  : Checking for BSP changes to sync application flags for project 'Pong'...
22:06:53 INFO  : Checking for BSP changes to sync application flags for project 'Pong'...
22:07:07 INFO  : Checking for BSP changes to sync application flags for project 'Pong'...
22:07:56 INFO  : Hardware specification for platform project 'mcs_top_complete' is updated.
22:08:17 INFO  : Checking for BSP changes to sync application flags for project 'Pong'...
22:08:18 INFO  : The hardware specfication used by project 'Pong' is out of sync with the platform. Resource files extracted from the hardware specfiication will be updated.
22:08:18 INFO  : The file 'E:\Projects\SchoolGit\ECEStuff\ECE4305L\PONG\Software\Pong\_ide\bitstream\download.bit' stored in project is removed.
22:08:18 INFO  : The file 'E:\Projects\SchoolGit\ECEStuff\ECE4305L\PONG\Software\Pong\_ide\bitstream\mcs_top_complete.bit' stored in project is removed.
22:08:18 INFO  : The file 'E:\Projects\SchoolGit\ECEStuff\ECE4305L\PONG\Software\Pong\_ide\bitstream\mcs_top_complete.mmi' stored in project is removed.
22:08:18 INFO  : The updated bitstream files are copied from platform to folder 'E:\Projects\SchoolGit\ECEStuff\ECE4305L\PONG\Software\Pong\_ide\bitstream' in project 'Pong'.
22:08:25 INFO  : Checking for BSP changes to sync application flags for project 'Pong'...
22:08:45 INFO  : Bit file 'E:/Projects/SchoolGit/ECEStuff/ECE4305L/PONG/Software/Pong/_ide/bitstream/download.bit' is generated.
22:08:45 INFO  : Connected to target on host '127.0.0.1' and port '3121'.
22:08:45 INFO  : 'targets -set -filter {jtag_cable_name =~ "Digilent Nexys A7 -100T 210292B0F20AA" && level==0} -index 0' command is executed.
22:08:46 INFO  : FPGA configured successfully with bitstream "E:/Projects/SchoolGit/ECEStuff/ECE4305L/PONG/Software/Pong/_ide/bitstream/download.bit"
22:12:07 INFO  : Checking for BSP changes to sync application flags for project 'Pong'...
22:12:24 INFO  : Bit file 'E:/Projects/SchoolGit/ECEStuff/ECE4305L/PONG/Software/Pong/_ide/bitstream/download.bit' is generated.
22:12:24 INFO  : Connected to target on host '127.0.0.1' and port '3121'.
22:12:24 INFO  : 'targets -set -filter {jtag_cable_name =~ "Digilent Nexys A7 -100T 210292B0F20AA" && level==0} -index 0' command is executed.
22:12:25 INFO  : FPGA configured successfully with bitstream "E:/Projects/SchoolGit/ECEStuff/ECE4305L/PONG/Software/Pong/_ide/bitstream/download.bit"
22:17:56 INFO  : Checking for BSP changes to sync application flags for project 'Pong'...
22:18:12 INFO  : Bit file 'E:/Projects/SchoolGit/ECEStuff/ECE4305L/PONG/Software/Pong/_ide/bitstream/download.bit' is generated.
22:18:23 INFO  : Checking for BSP changes to sync application flags for project 'Pong'...
22:18:39 INFO  : Bit file 'E:/Projects/SchoolGit/ECEStuff/ECE4305L/PONG/Software/Pong/_ide/bitstream/download.bit' is generated.
22:18:39 INFO  : Connected to target on host '127.0.0.1' and port '3121'.
22:18:39 INFO  : 'targets -set -filter {jtag_cable_name =~ "Digilent Nexys A7 -100T 210292B0F20AA" && level==0} -index 0' command is executed.
22:18:40 INFO  : FPGA configured successfully with bitstream "E:/Projects/SchoolGit/ECEStuff/ECE4305L/PONG/Software/Pong/_ide/bitstream/download.bit"
22:24:02 INFO  : Checking for BSP changes to sync application flags for project 'Pong'...
22:25:19 INFO  : Checking for BSP changes to sync application flags for project 'Pong'...
22:25:26 INFO  : Checking for BSP changes to sync application flags for project 'Pong'...
22:25:42 INFO  : Bit file 'E:/Projects/SchoolGit/ECEStuff/ECE4305L/PONG/Software/Pong/_ide/bitstream/download.bit' is generated.
22:25:42 INFO  : Connected to target on host '127.0.0.1' and port '3121'.
22:25:42 INFO  : 'targets -set -filter {jtag_cable_name =~ "Digilent Nexys A7 -100T 210292B0F20AA" && level==0} -index 0' command is executed.
22:25:43 INFO  : FPGA configured successfully with bitstream "E:/Projects/SchoolGit/ECEStuff/ECE4305L/PONG/Software/Pong/_ide/bitstream/download.bit"
22:27:06 INFO  : Checking for BSP changes to sync application flags for project 'Pong'...
22:27:32 INFO  : Bit file 'E:/Projects/SchoolGit/ECEStuff/ECE4305L/PONG/Software/Pong/_ide/bitstream/download.bit' is generated.
22:27:32 INFO  : Connected to target on host '127.0.0.1' and port '3121'.
22:27:32 INFO  : 'targets -set -filter {jtag_cable_name =~ "Digilent Nexys A7 -100T 210292B0F20AA" && level==0} -index 0' command is executed.
22:27:33 INFO  : FPGA configured successfully with bitstream "E:/Projects/SchoolGit/ECEStuff/ECE4305L/PONG/Software/Pong/_ide/bitstream/download.bit"
22:29:31 INFO  : Checking for BSP changes to sync application flags for project 'Pong'...
22:29:47 INFO  : Bit file 'E:/Projects/SchoolGit/ECEStuff/ECE4305L/PONG/Software/Pong/_ide/bitstream/download.bit' is generated.
22:29:47 INFO  : Connected to target on host '127.0.0.1' and port '3121'.
22:29:47 INFO  : 'targets -set -filter {jtag_cable_name =~ "Digilent Nexys A7 -100T 210292B0F20AA" && level==0} -index 0' command is executed.
22:29:48 INFO  : FPGA configured successfully with bitstream "E:/Projects/SchoolGit/ECEStuff/ECE4305L/PONG/Software/Pong/_ide/bitstream/download.bit"
22:30:25 INFO  : Checking for BSP changes to sync application flags for project 'Pong'...
22:32:16 INFO  : Checking for BSP changes to sync application flags for project 'Pong'...
22:32:31 INFO  : Bit file 'E:/Projects/SchoolGit/ECEStuff/ECE4305L/PONG/Software/Pong/_ide/bitstream/download.bit' is generated.
22:32:31 INFO  : Connected to target on host '127.0.0.1' and port '3121'.
22:32:31 INFO  : 'targets -set -filter {jtag_cable_name =~ "Digilent Nexys A7 -100T 210292B0F20AA" && level==0} -index 0' command is executed.
22:32:33 INFO  : FPGA configured successfully with bitstream "E:/Projects/SchoolGit/ECEStuff/ECE4305L/PONG/Software/Pong/_ide/bitstream/download.bit"
22:36:17 INFO  : Checking for BSP changes to sync application flags for project 'Pong'...
22:36:30 INFO  : Checking for BSP changes to sync application flags for project 'Pong'...
22:36:46 INFO  : Bit file 'E:/Projects/SchoolGit/ECEStuff/ECE4305L/PONG/Software/Pong/_ide/bitstream/download.bit' is generated.
22:36:46 INFO  : Connected to target on host '127.0.0.1' and port '3121'.
22:36:46 INFO  : 'targets -set -filter {jtag_cable_name =~ "Digilent Nexys A7 -100T 210292B0F20AA" && level==0} -index 0' command is executed.
22:36:47 INFO  : FPGA configured successfully with bitstream "E:/Projects/SchoolGit/ECEStuff/ECE4305L/PONG/Software/Pong/_ide/bitstream/download.bit"
22:42:53 INFO  : Checking for BSP changes to sync application flags for project 'Pong'...
22:44:06 INFO  : Checking for BSP changes to sync application flags for project 'Pong'...
22:44:21 INFO  : Bit file 'E:/Projects/SchoolGit/ECEStuff/ECE4305L/PONG/Software/Pong/_ide/bitstream/download.bit' is generated.
22:44:21 INFO  : Connected to target on host '127.0.0.1' and port '3121'.
22:44:21 INFO  : 'targets -set -filter {jtag_cable_name =~ "Digilent Nexys A7 -100T 210292B0F20AA" && level==0} -index 0' command is executed.
22:44:22 INFO  : FPGA configured successfully with bitstream "E:/Projects/SchoolGit/ECEStuff/ECE4305L/PONG/Software/Pong/_ide/bitstream/download.bit"
22:49:26 INFO  : Checking for BSP changes to sync application flags for project 'Pong'...
22:49:41 INFO  : Bit file 'E:/Projects/SchoolGit/ECEStuff/ECE4305L/PONG/Software/Pong/_ide/bitstream/download.bit' is generated.
22:49:41 INFO  : Connected to target on host '127.0.0.1' and port '3121'.
22:49:41 INFO  : 'targets -set -filter {jtag_cable_name =~ "Digilent Nexys A7 -100T 210292B0F20AA" && level==0} -index 0' command is executed.
22:49:42 INFO  : FPGA configured successfully with bitstream "E:/Projects/SchoolGit/ECEStuff/ECE4305L/PONG/Software/Pong/_ide/bitstream/download.bit"
22:52:11 INFO  : Checking for BSP changes to sync application flags for project 'Pong'...
22:52:27 INFO  : Bit file 'E:/Projects/SchoolGit/ECEStuff/ECE4305L/PONG/Software/Pong/_ide/bitstream/download.bit' is generated.
22:52:27 INFO  : Connected to target on host '127.0.0.1' and port '3121'.
22:52:27 INFO  : 'targets -set -filter {jtag_cable_name =~ "Digilent Nexys A7 -100T 210292B0F20AA" && level==0} -index 0' command is executed.
22:52:28 INFO  : FPGA configured successfully with bitstream "E:/Projects/SchoolGit/ECEStuff/ECE4305L/PONG/Software/Pong/_ide/bitstream/download.bit"
22:53:38 INFO  : Checking for BSP changes to sync application flags for project 'Pong'...
22:53:54 INFO  : Bit file 'E:/Projects/SchoolGit/ECEStuff/ECE4305L/PONG/Software/Pong/_ide/bitstream/download.bit' is generated.
22:53:54 INFO  : Connected to target on host '127.0.0.1' and port '3121'.
22:53:54 INFO  : 'targets -set -filter {jtag_cable_name =~ "Digilent Nexys A7 -100T 210292B0F20AA" && level==0} -index 0' command is executed.
22:53:56 INFO  : FPGA configured successfully with bitstream "E:/Projects/SchoolGit/ECEStuff/ECE4305L/PONG/Software/Pong/_ide/bitstream/download.bit"
23:24:15 INFO  : Checking for BSP changes to sync application flags for project 'Pong'...
23:24:23 INFO  : Checking for BSP changes to sync application flags for project 'Pong'...
23:24:57 INFO  : Checking for BSP changes to sync application flags for project 'Pong'...
23:25:15 INFO  : Bit file 'E:/Projects/SchoolGit/ECEStuff/ECE4305L/PONG/Software/Pong/_ide/bitstream/download.bit' is generated.
23:25:15 INFO  : Connected to target on host '127.0.0.1' and port '3121'.
23:25:15 INFO  : 'targets -set -filter {jtag_cable_name =~ "Digilent Nexys A7 -100T 210292B0F20AA" && level==0} -index 0' command is executed.
23:25:16 INFO  : FPGA configured successfully with bitstream "E:/Projects/SchoolGit/ECEStuff/ECE4305L/PONG/Software/Pong/_ide/bitstream/download.bit"
23:25:58 INFO  : Checking for BSP changes to sync application flags for project 'Pong'...
23:26:17 INFO  : Bit file 'E:/Projects/SchoolGit/ECEStuff/ECE4305L/PONG/Software/Pong/_ide/bitstream/download.bit' is generated.
23:26:17 INFO  : Connected to target on host '127.0.0.1' and port '3121'.
23:26:17 INFO  : 'targets -set -filter {jtag_cable_name =~ "Digilent Nexys A7 -100T 210292B0F20AA" && level==0} -index 0' command is executed.
23:26:18 INFO  : FPGA configured successfully with bitstream "E:/Projects/SchoolGit/ECEStuff/ECE4305L/PONG/Software/Pong/_ide/bitstream/download.bit"
23:31:42 INFO  : Checking for BSP changes to sync application flags for project 'Pong'...
23:31:52 INFO  : Checking for BSP changes to sync application flags for project 'Pong'...
23:32:43 INFO  : Checking for BSP changes to sync application flags for project 'Pong'...
23:33:02 INFO  : Checking for BSP changes to sync application flags for project 'Pong'...
23:33:45 INFO  : Bit file 'E:/Projects/SchoolGit/ECEStuff/ECE4305L/PONG/Software/Pong/_ide/bitstream/download.bit' is generated.
23:33:45 INFO  : Connected to target on host '127.0.0.1' and port '3121'.
23:33:45 INFO  : 'targets -set -filter {jtag_cable_name =~ "Digilent Nexys A7 -100T 210292B0F20AA" && level==0} -index 0' command is executed.
23:33:46 INFO  : FPGA configured successfully with bitstream "E:/Projects/SchoolGit/ECEStuff/ECE4305L/PONG/Software/Pong/_ide/bitstream/download.bit"
23:36:05 INFO  : Bit file 'E:/Projects/SchoolGit/ECEStuff/ECE4305L/PONG/Software/Pong/_ide/bitstream/download.bit' is generated.
23:36:05 INFO  : Connected to target on host '127.0.0.1' and port '3121'.
23:36:05 INFO  : 'targets -set -filter {jtag_cable_name =~ "Digilent Nexys A7 -100T 210292B0F20AA" && level==0} -index 0' command is executed.
23:36:06 INFO  : FPGA configured successfully with bitstream "E:/Projects/SchoolGit/ECEStuff/ECE4305L/PONG/Software/Pong/_ide/bitstream/download.bit"
23:36:33 INFO  : Checking for BSP changes to sync application flags for project 'Pong'...
23:36:36 INFO  : Checking for BSP changes to sync application flags for project 'Pong'...
23:36:52 INFO  : Bit file 'E:/Projects/SchoolGit/ECEStuff/ECE4305L/PONG/Software/Pong/_ide/bitstream/download.bit' is generated.
23:36:52 INFO  : Connected to target on host '127.0.0.1' and port '3121'.
23:36:52 INFO  : 'targets -set -filter {jtag_cable_name =~ "Digilent Nexys A7 -100T 210292B0F20AA" && level==0} -index 0' command is executed.
23:36:53 INFO  : FPGA configured successfully with bitstream "E:/Projects/SchoolGit/ECEStuff/ECE4305L/PONG/Software/Pong/_ide/bitstream/download.bit"
23:39:28 INFO  : Bit file 'E:/Projects/SchoolGit/ECEStuff/ECE4305L/PONG/Software/Pong/_ide/bitstream/download.bit' is generated.
23:39:28 INFO  : Connected to target on host '127.0.0.1' and port '3121'.
23:39:28 INFO  : 'targets -set -filter {jtag_cable_name =~ "Digilent Nexys A7 -100T 210292B0F20AA" && level==0} -index 0' command is executed.
23:39:29 INFO  : FPGA configured successfully with bitstream "E:/Projects/SchoolGit/ECEStuff/ECE4305L/PONG/Software/Pong/_ide/bitstream/download.bit"
23:43:01 INFO  : Checking for BSP changes to sync application flags for project 'Pong'...
23:43:18 INFO  : Checking for BSP changes to sync application flags for project 'Pong'...
23:43:37 INFO  : Bit file 'E:/Projects/SchoolGit/ECEStuff/ECE4305L/PONG/Software/Pong/_ide/bitstream/download.bit' is generated.
23:43:37 INFO  : Connected to target on host '127.0.0.1' and port '3121'.
23:43:37 INFO  : 'targets -set -filter {jtag_cable_name =~ "Digilent Nexys A7 -100T 210292B0F20AA" && level==0} -index 0' command is executed.
23:43:38 INFO  : FPGA configured successfully with bitstream "E:/Projects/SchoolGit/ECEStuff/ECE4305L/PONG/Software/Pong/_ide/bitstream/download.bit"
23:46:23 INFO  : Bit file 'E:/Projects/SchoolGit/ECEStuff/ECE4305L/PONG/Software/Pong/_ide/bitstream/download.bit' is generated.
23:46:23 INFO  : Connected to target on host '127.0.0.1' and port '3121'.
23:46:23 INFO  : 'targets -set -filter {jtag_cable_name =~ "Digilent Nexys A7 -100T 210292B0F20AA" && level==0} -index 0' command is executed.
23:46:24 INFO  : FPGA configured successfully with bitstream "E:/Projects/SchoolGit/ECEStuff/ECE4305L/PONG/Software/Pong/_ide/bitstream/download.bit"
23:51:35 INFO  : Checking for BSP changes to sync application flags for project 'Pong'...
23:51:50 INFO  : Checking for BSP changes to sync application flags for project 'Pong'...
23:52:18 INFO  : Checking for BSP changes to sync application flags for project 'Pong'...
23:53:05 INFO  : Checking for BSP changes to sync application flags for project 'Pong'...
23:53:51 INFO  : Checking for BSP changes to sync application flags for project 'Pong'...
23:54:10 INFO  : Checking for BSP changes to sync application flags for project 'Pong'...
23:54:25 INFO  : Checking for BSP changes to sync application flags for project 'Pong'...
23:55:05 INFO  : Checking for BSP changes to sync application flags for project 'Pong'...
23:55:22 INFO  : Bit file 'E:/Projects/SchoolGit/ECEStuff/ECE4305L/PONG/Software/Pong/_ide/bitstream/download.bit' is generated.
23:55:22 INFO  : Connected to target on host '127.0.0.1' and port '3121'.
23:55:22 INFO  : 'targets -set -filter {jtag_cable_name =~ "Digilent Nexys A7 -100T 210292B0F20AA" && level==0} -index 0' command is executed.
23:55:23 INFO  : FPGA configured successfully with bitstream "E:/Projects/SchoolGit/ECEStuff/ECE4305L/PONG/Software/Pong/_ide/bitstream/download.bit"
23:57:57 INFO  : Checking for BSP changes to sync application flags for project 'Pong'...
23:58:10 INFO  : Checking for BSP changes to sync application flags for project 'Pong'...
23:58:29 INFO  : Bit file 'E:/Projects/SchoolGit/ECEStuff/ECE4305L/PONG/Software/Pong/_ide/bitstream/download.bit' is generated.
23:58:29 INFO  : Connected to target on host '127.0.0.1' and port '3121'.
23:58:29 INFO  : 'targets -set -filter {jtag_cable_name =~ "Digilent Nexys A7 -100T 210292B0F20AA" && level==0} -index 0' command is executed.
23:58:30 INFO  : FPGA configured successfully with bitstream "E:/Projects/SchoolGit/ECEStuff/ECE4305L/PONG/Software/Pong/_ide/bitstream/download.bit"
00:07:30 INFO  : Checking for BSP changes to sync application flags for project 'Pong'...
00:07:43 INFO  : Checking for BSP changes to sync application flags for project 'Pong'...
00:08:06 INFO  : Checking for BSP changes to sync application flags for project 'Pong'...
00:08:24 INFO  : Bit file 'E:/Projects/SchoolGit/ECEStuff/ECE4305L/PONG/Software/Pong/_ide/bitstream/download.bit' is generated.
00:08:24 INFO  : Connected to target on host '127.0.0.1' and port '3121'.
00:08:24 INFO  : 'targets -set -filter {jtag_cable_name =~ "Digilent Nexys A7 -100T 210292B0F20AA" && level==0} -index 0' command is executed.
00:08:24 ERROR : 'fpga -file E:/Projects/SchoolGit/ECEStuff/ECE4305L/PONG/Software/Pong/_ide/bitstream/download.bit' is cancelled.
00:13:13 INFO  : Checking for BSP changes to sync application flags for project 'Pong'...
00:13:30 INFO  : Bit file 'E:/Projects/SchoolGit/ECEStuff/ECE4305L/PONG/Software/Pong/_ide/bitstream/download.bit' is generated.
00:13:30 INFO  : Connected to target on host '127.0.0.1' and port '3121'.
00:13:30 INFO  : 'targets -set -filter {jtag_cable_name =~ "Digilent Nexys A7 -100T 210292B0F20AA" && level==0} -index 0' command is executed.
00:13:31 INFO  : FPGA configured successfully with bitstream "E:/Projects/SchoolGit/ECEStuff/ECE4305L/PONG/Software/Pong/_ide/bitstream/download.bit"
00:18:12 INFO  : Checking for BSP changes to sync application flags for project 'Pong'...
00:18:28 INFO  : Bit file 'E:/Projects/SchoolGit/ECEStuff/ECE4305L/PONG/Software/Pong/_ide/bitstream/download.bit' is generated.
00:18:28 INFO  : Connected to target on host '127.0.0.1' and port '3121'.
00:18:28 INFO  : 'targets -set -filter {jtag_cable_name =~ "Digilent Nexys A7 -100T 210292B0F20AA" && level==0} -index 0' command is executed.
00:18:29 INFO  : FPGA configured successfully with bitstream "E:/Projects/SchoolGit/ECEStuff/ECE4305L/PONG/Software/Pong/_ide/bitstream/download.bit"
00:20:05 INFO  : Checking for BSP changes to sync application flags for project 'Pong'...
00:20:52 INFO  : Bit file 'E:/Projects/SchoolGit/ECEStuff/ECE4305L/PONG/Software/Pong/_ide/bitstream/download.bit' is generated.
00:20:52 INFO  : Connected to target on host '127.0.0.1' and port '3121'.
00:20:52 INFO  : 'targets -set -filter {jtag_cable_name =~ "Digilent Nexys A7 -100T 210292B0F20AA" && level==0} -index 0' command is executed.
00:20:53 INFO  : FPGA configured successfully with bitstream "E:/Projects/SchoolGit/ECEStuff/ECE4305L/PONG/Software/Pong/_ide/bitstream/download.bit"
16:16:31 INFO  : Launching XSCT server: xsct.bat -n  -interactive E:\Projects\SchoolGit\ECEStuff\ECE4305L\PONG\Software\temp_xsdb_launch_script.tcl
16:16:34 INFO  : XSCT server has started successfully.
16:16:34 INFO  : plnx-install-location is set to ''
16:16:34 INFO  : Successfully done setting XSCT server connection channel  
16:16:34 INFO  : Successfully done setting workspace for the tool. 
16:16:35 INFO  : Registering command handlers for Vitis TCF services
16:16:39 INFO  : Successfully done query RDI_DATADIR 
16:21:00 INFO  : Checking for BSP changes to sync application flags for project 'Pong'...
16:21:14 INFO  : Checking for BSP changes to sync application flags for project 'Pong'...
16:21:31 INFO  : Bit file 'E:/Projects/SchoolGit/ECEStuff/ECE4305L/PONG/Software/Pong/_ide/bitstream/download.bit' is generated.
16:21:31 INFO  : Connected to target on host '127.0.0.1' and port '3121'.
16:21:31 INFO  : 'targets -set -filter {jtag_cable_name =~ "Digilent Nexys A7 -100T 210292B0F20AA" && level==0} -index 0' command is executed.
16:21:32 INFO  : FPGA configured successfully with bitstream "E:/Projects/SchoolGit/ECEStuff/ECE4305L/PONG/Software/Pong/_ide/bitstream/download.bit"
18:38:24 INFO  : Launching XSCT server: xsct.bat -n  -interactive E:\Projects\SchoolGit\ECEStuff\ECE4305L\PONG\Software\temp_xsdb_launch_script.tcl
18:38:28 INFO  : Registering command handlers for Vitis TCF services
18:38:28 INFO  : XSCT server has started successfully.
18:38:28 INFO  : plnx-install-location is set to ''
18:38:31 INFO  : Successfully done setting XSCT server connection channel  
18:38:31 INFO  : Successfully done query RDI_DATADIR 
18:38:31 INFO  : Successfully done setting workspace for the tool. 
18:38:45 INFO  : Bit file 'E:/Projects/SchoolGit/ECEStuff/ECE4305L/PONG/Software/Pong/_ide/bitstream/download.bit' is generated.
18:38:48 INFO  : Connected to target on host '127.0.0.1' and port '3121'.
18:38:48 INFO  : 'targets -set -filter {jtag_cable_name =~ "Digilent Nexys A7 -100T 210292B0F20AA" && level==0} -index 0' command is executed.
18:38:49 INFO  : FPGA configured successfully with bitstream "E:/Projects/SchoolGit/ECEStuff/ECE4305L/PONG/Software/Pong/_ide/bitstream/download.bit"
