#-----------------------------------------------------------
# Webtalk v2019.2 (64-bit)
# SW Build 2708876 on Wed Nov  6 21:40:23 MST 2019
# 
# Start of session at: Thu Nov 25 01:04:07 2021
# Process ID: 2424
# Current directory: E:/Projects/SchoolGit/ECEStuff/ECE4305L/PONG/Software/webtalk
# Command line: wbtcv.exe -mode batch -source vitis_webtalk.tcl
# Log file: E:/Projects/SchoolGit/ECEStuff/ECE4305L/PONG/Software/webtalk/webtalk.log
# Journal file: E:/Projects/SchoolGit/ECEStuff/ECE4305L/PONG/Software/webtalk\webtalk.jou
#-----------------------------------------------------------
source vitis_webtalk.tcl
# webtalk_init -webtalk_dir E:\\Projects\\SchoolGit\\ECEStuff\\ECE4305L\\PONG\\Software\\webtalk
# webtalk_register_client -client project
# webtalk_add_data -client project -key date_generated -value "2021-11-25 01:04:06" -context "software_version_and_target_device"
# webtalk_add_data -client project -key product_version -value "Vitis v2019.2" -context "software_version_and_target_device"
# webtalk_add_data -client project -key build_version -value "2019.2" -context "software_version_and_target_device"
# webtalk_add_data -client project -key os_platform -value "amd64" -context "software_version_and_target_device"
# webtalk_add_data -client project -key registration_id -value "211923148_0_0_727" -context "software_version_and_target_device"
# webtalk_add_data -client project -key tool_flow -value "Vitis" -context "software_version_and_target_device"
# webtalk_add_data -client project -key beta -value "false" -context "software_version_and_target_device"
# webtalk_add_data -client project -key route_design -value "NA" -context "software_version_and_target_device"
# webtalk_add_data -client project -key target_family -value "NA" -context "software_version_and_target_device"
# webtalk_add_data -client project -key target_device -value "NA" -context "software_version_and_target_device"
# webtalk_add_data -client project -key target_package -value "NA" -context "software_version_and_target_device"
# webtalk_add_data -client project -key target_speed -value "NA" -context "software_version_and_target_device"
# webtalk_add_data -client project -key random_id -value "1erg31vs2ij6pfag6l6oppf6qh" -context "software_version_and_target_device"
# webtalk_add_data -client project -key project_id -value "2019.2_12" -context "software_version_and_target_device"
# webtalk_add_data -client project -key project_iteration -value "12" -context "software_version_and_target_device"
# webtalk_add_data -client project -key os_name -value "Microsoft Windows 8 or later , 64-bit" -context "user_environment"
# webtalk_add_data -client project -key os_release -value "major release  (build 9200)" -context "user_environment"
# webtalk_add_data -client project -key cpu_name -value "Intel(R) Core(TM) i5-9600K CPU @ 3.70GHz" -context "user_environment"
# webtalk_add_data -client project -key cpu_speed -value "3696 MHz" -context "user_environment"
# webtalk_add_data -client project -key total_processors -value "1" -context "user_environment"
# webtalk_add_data -client project -key system_ram -value "34.272 GB" -context "user_environment"
# webtalk_register_client -client vitis
# webtalk_add_data -client vitis -key uid -value "1637809754313" -context "vitis\\\\application/1637809754313"
# webtalk_add_data -client vitis -key project_type -value "sdk" -context "vitis\\\\application/1637809754313"
# webtalk_add_data -client vitis -key os -value "standalone" -context "vitis\\\\application/1637809754313"
# webtalk_add_data -client vitis -key processor -value "microblaze" -context "vitis\\\\application/1637809754313"
# webtalk_add_data -client vitis -key runtime -value "cpp" -context "vitis\\\\application/1637809754313"
# webtalk_add_data -client vitis -key template -value "empty" -context "vitis\\\\application/1637809754313"
# webtalk_add_data -client vitis -key platform -value "NA" -context "vitis\\\\application/1637809754313"
# webtalk_add_data -client vitis -key platform_type -value "NA" -context "vitis\\\\application/1637809754313"
# webtalk_add_data -client vitis -key application_type -value "application" -context "vitis\\\\application/1637809754313"
# webtalk_add_data -client vitis -key platform_source -value "dsa" -context "vitis\\\\application/1637809754313"
# webtalk_add_data -client vitis -key device_family -value "NA" -context "vitis\\\\application/1637809754313"
# webtalk_add_data -client vitis -key fpga -value "7a100t" -context "vitis\\\\application/1637809754313"
# webtalk_transmit -clientid 1914153985 -regid "211923148_0_0_727" -xml E:\\Projects\\SchoolGit\\ECEStuff\\ECE4305L\\PONG\\Software\\webtalk\\usage_statistics_ext_vitis.xml -html E:\\Projects\\SchoolGit\\ECEStuff\\ECE4305L\\PONG\\Software\\webtalk\\usage_statistics_ext_vitis.html -wdm E:\\Projects\\SchoolGit\\ECEStuff\\ECE4305L\\PONG\\Software\\webtalk\\vitis_webtalk.wdm -intro "<H3>Vitis Usage Report</H3><BR>"
# webtalk_terminate
INFO: [Common 17-206] Exiting Webtalk at Thu Nov 25 01:04:09 2021...
